<?xml version="1.0" encoding="UTF-8"?>
<testsuite xmlns:xsi="http://www.w3.org/2001/XMLSchema-instance" xsi:noNamespaceSchemaLocation="https://maven.apache.org/surefire/maven-surefire-plugin/xsd/surefire-test-report.xsd" version="3.0.2" name="sg.edu.ntu.ftbsolutionscrm.service.ResaleHDBServiceImplTest" time="0.035" tests="3" errors="0" skipped="0" failures="0">
  <properties>
[...]
</properties>
  <testcase name="testGetHdbNotFound" classname="sg.edu.ntu.ftbsolutionscrm.service.ResaleHDBServiceImplTest" time="0.03"/>
  <testcase name="testCreateResaleHDB" classname="sg.edu.ntu.ftbsolutionscrm.service.ResaleHDBServiceImplTest" time="0.001"/>
  <testcase name="testgetResaleHDBById" classname="sg.edu.ntu.ftbsolutionscrm.service.ResaleHDBServiceImplTest" time="0.001"/>
</testsuite>