<?xml version="1.0" encoding="UTF-8"?>
<testsuite xmlns:xsi="http://www.w3.org/2001/XMLSchema-instance" xsi:noNamespaceSchemaLocation="https://maven.apache.org/surefire/maven-surefire-plugin/xsd/surefire-test-report.xsd" version="3.0.2" name="sg.edu.ntu.ftbsolutionscrm.FtbsolutionscrmApplicationTests" time="3.142" tests="1" errors="0" skipped="0" failures="0">
  <properties>
[...]
</properties>
  <testcase name="contextLoads" classname="sg.edu.ntu.ftbsolutionscrm.FtbsolutionscrmApplicationTests" time="0.371">
    <system-out><![CDATA[15:27:35.180 [main] INFO org.springframework.test.context.support.AnnotationConfigContextLoaderUtils -- Could not detect default configuration classes for test class [sg.edu.ntu.ftbsolutionscrm.FtbsolutionscrmApplicationTests]: FtbsolutionscrmApplicationTests does not declare any static, non-private, non-final, nested classes annotated with @Configuration.
15:27:35.252 [main] INFO org.springframework.boot.test.context.SpringBootTestContextBootstrapper -- Found @SpringBootConfiguration sg.edu.ntu.ftbsolutionscrm.FtbsolutionscrmApplication for test class sg.edu.ntu.ftbsolutionscrm.FtbsolutionscrmApplicationTests
15:27:35.349 [main] INFO org.springframework.boot.devtools.restart.RestartApplicationListener -- Restart disabled due to context in which it is running

  .   ____          _            __ _ _
 /\\ / ___'_ __ _ _(_)_ __  __ _ \ \ \ \
( ( )\___ | '_ | '_| | '_ \/ _` | \ \ \ \
 \\/  ___)| |_)| | | | | || (_| |  ) ) ) )
  '  |____| .__|_| |_|_| |_\__, | / / / /
 =========|_|==============|___/=/_/_/_/

 :: Spring Boot ::                (v3.4.0)

2024-12-13T15:27:35.511+08:00  INFO 74054 --- [ftbsolutionscrm] [           main] s.e.n.f.FtbsolutionscrmApplicationTests  : Starting FtbsolutionscrmApplicationTests using Java 17.0.11 with PID 74054 (started by dimitrimaluu in /Users/dimitrimaluu/Documents/NTU/GRoup1Springbootproj)
2024-12-13T15:27:35.513+08:00  INFO 74054 --- [ftbsolutionscrm] [           main] s.e.n.f.FtbsolutionscrmApplicationTests  : No active profile set, falling back to 1 default profile: "default"
2024-12-13T15:27:35.915+08:00  INFO 74054 --- [ftbsolutionscrm] [           main] .s.d.r.c.RepositoryConfigurationDelegate : Bootstrapping Spring Data JPA repositories in DEFAULT mode.
2024-12-13T15:27:35.955+08:00  INFO 74054 --- [ftbsolutionscrm] [           main] .s.d.r.c.RepositoryConfigurationDelegate : Finished Spring Data repository scanning in 32 ms. Found 2 JPA repository interfaces.
2024-12-13T15:27:36.250+08:00  INFO 74054 --- [ftbsolutionscrm] [           main] o.hibernate.jpa.internal.util.LogHelper  : HHH000204: Processing PersistenceUnitInfo [name: default]
2024-12-13T15:27:36.292+08:00  INFO 74054 --- [ftbsolutionscrm] [           main] org.hibernate.Version                    : HHH000412: Hibernate ORM core version 6.6.2.Final
2024-12-13T15:27:36.312+08:00  INFO 74054 --- [ftbsolutionscrm] [           main] o.h.c.internal.RegionFactoryInitiator    : HHH000026: Second-level cache disabled
2024-12-13T15:27:36.483+08:00  INFO 74054 --- [ftbsolutionscrm] [           main] o.s.o.j.p.SpringPersistenceUnitInfo      : No LoadTimeWeaver setup: ignoring JPA class transformer
2024-12-13T15:27:36.501+08:00  INFO 74054 --- [ftbsolutionscrm] [           main] com.zaxxer.hikari.HikariDataSource       : HikariPool-1 - Starting...
2024-12-13T15:27:36.586+08:00  INFO 74054 --- [ftbsolutionscrm] [           main] com.zaxxer.hikari.pool.HikariPool        : HikariPool-1 - Added connection org.postgresql.jdbc.PgConnection@38022758
2024-12-13T15:27:36.587+08:00  INFO 74054 --- [ftbsolutionscrm] [           main] com.zaxxer.hikari.HikariDataSource       : HikariPool-1 - Start completed.
2024-12-13T15:27:36.640+08:00  INFO 74054 --- [ftbsolutionscrm] [           main] org.hibernate.orm.connections.pooling    : HHH10001005: Database info:
	Database JDBC URL [Connecting through datasource 'HikariDataSource (HikariPool-1)']
	Database driver: undefined/unknown
	Database version: 14.15
	Autocommit mode: undefined/unknown
	Isolation level: undefined/unknown
	Minimum pool size: undefined/unknown
	Maximum pool size: undefined/unknown
2024-12-13T15:27:37.197+08:00  INFO 74054 --- [ftbsolutionscrm] [           main] o.h.e.t.j.p.i.JtaPlatformInitiator       : HHH000489: No JTA platform available (set 'hibernate.transaction.jta.platform' to enable JTA platform integration)
2024-12-13T15:27:37.234+08:00  INFO 74054 --- [ftbsolutionscrm] [           main] j.LocalContainerEntityManagerFactoryBean : Initialized JPA EntityManagerFactory for persistence unit 'default'
2024-12-13T15:27:37.558+08:00  WARN 74054 --- [ftbsolutionscrm] [           main] JpaBaseConfiguration$JpaWebConfiguration : spring.jpa.open-in-view is enabled by default. Therefore, database queries may be performed during view rendering. Explicitly configure spring.jpa.open-in-view to disable this warning
2024-12-13T15:27:37.806+08:00  INFO 74054 --- [ftbsolutionscrm] [           main] s.e.n.f.FtbsolutionscrmApplicationTests  : Started FtbsolutionscrmApplicationTests in 2.463 seconds (process running for 3.226)
]]></system-out>
  </testcase>
</testsuite>